app/build/intermediates/manifest_merge_blame_file/debug/manifest-merger-blame-debug-report.txt
1<?xml version="1.0" encoding="utf-8"?>
2<manifest xmlns:android="http://schemas.android.com/apk/res/android"
3    package="com.varun.app1"
4    android:versionCode="1"
5    android:versionName="1.0" >
6
7    <uses-sdk
8        android:minSdkVersion="28"
8-->src\main\AndroidManifest.xml
9        android:targetSdkVersion="32" />
9-->src\main\AndroidManifest.xml
10
11    <uses-permission android:name="android.permission.BLUETOOTH_CONNECT" />
11-->src\main\AndroidManifest.xml:5:5-76
11-->src\main\AndroidManifest.xml:5:22-73
12    <uses-permission android:name="android.permission.INTERNET" />
12-->src\main\AndroidManifest.xml:6:5-67
12-->src\main\AndroidManifest.xml:6:22-64
13    <uses-permission android:name="android.permission.READ_EXTERNAL_STORAGE" />
13-->src\main\AndroidManifest.xml:7:5-80
13-->src\main\AndroidManifest.xml:7:22-77
14    <uses-permission android:name="android.permission.ACCESS_BACKGROUND_LOCATION" />
14-->src\main\AndroidManifest.xml:8:5-85
14-->src\main\AndroidManifest.xml:8:22-82
15    <uses-permission android:name="android.permission.BLUETOOTH" />
15-->src\main\AndroidManifest.xml:9:5-68
15-->src\main\AndroidManifest.xml:9:22-65
16    <uses-permission android:name="android.permission.BLUETOOTH_ADMIN" />
16-->src\main\AndroidManifest.xml:10:5-74
16-->src\main\AndroidManifest.xml:10:22-71
17
18    <!-- Include required permissions for Google Maps API to run. -->
19    <uses-permission android:name="android.permission.ACCESS_NETWORK_STATE" />
19-->[com.google.android.gms:play-services-maps:17.0.1] AndroidManifest.xml:23:5-79
19-->[com.google.android.gms:play-services-maps:17.0.1] AndroidManifest.xml:23:22-76
20
21    <uses-feature
21-->[com.google.android.gms:play-services-maps:17.0.1] AndroidManifest.xml:26:5-28:35
22        android:glEsVersion="0x00020000"
22-->[com.google.android.gms:play-services-maps:17.0.1] AndroidManifest.xml:27:9-41
23        android:required="true" />
23-->[com.google.android.gms:play-services-maps:17.0.1] AndroidManifest.xml:28:9-32
24
25    <queries>
25-->[com.google.android.gms:play-services-maps:17.0.1] AndroidManifest.xml:30:5-34:15
26
27        <!-- Needs to be explicitly declared on Android R+ -->
28        <package android:name="com.google.android.apps.maps" />
28-->[com.google.android.gms:play-services-maps:17.0.1] AndroidManifest.xml:33:9-64
28-->[com.google.android.gms:play-services-maps:17.0.1] AndroidManifest.xml:33:18-61
29    </queries>
30
31    <application
31-->src\main\AndroidManifest.xml:12:5-126:19
32        android:allowBackup="true"
32-->src\main\AndroidManifest.xml:13:9-35
33        android:appComponentFactory="androidx.core.app.CoreComponentFactory"
33-->[androidx.core:core:1.7.0] AndroidManifest.xml:24:18-86
34        android:debuggable="true"
35        android:extractNativeLibs="false"
36        android:icon="@mipmap/ic_launcher"
36-->src\main\AndroidManifest.xml:14:9-43
37        android:label="@string/app_name"
37-->src\main\AndroidManifest.xml:15:9-41
38        android:roundIcon="@mipmap/ic_launcher_round"
38-->src\main\AndroidManifest.xml:16:9-54
39        android:supportsRtl="true"
39-->src\main\AndroidManifest.xml:17:9-35
40        android:testOnly="true"
41        android:theme="@style/Theme.App1" >
41-->src\main\AndroidManifest.xml:18:9-42
42        <activity
42-->src\main\AndroidManifest.xml:19:9-21:40
43            android:name="com.varun.app1.LifecyclActivity"
43-->src\main\AndroidManifest.xml:20:13-45
44            android:exported="false" />
44-->src\main\AndroidManifest.xml:21:13-37
45        <activity
45-->src\main\AndroidManifest.xml:22:9-24:40
46            android:name="com.varun.app1.BluetoothActivity"
46-->src\main\AndroidManifest.xml:23:13-46
47            android:exported="false" />
47-->src\main\AndroidManifest.xml:24:13-37
48        <!--
49             TODO: Before you run your application, you need a Google Maps API key.
50
51             To get one, follow the directions here:
52
53                https://developers.google.com/maps/documentation/android-sdk/get-api-key
54
55             Once you have your API key (it starts with "AIza"), define a new property in your
56             project's local.properties file (e.g. MAPS_API_KEY=Aiza...), and replace the
57             "YOUR_API_KEY" string in this file with "${MAPS_API_KEY}".
58        -->
59        <meta-data
60            android:name="com.google.android.geo.API_KEY"
60-->src\main\AndroidManifest.xml:37:13-58
61            android:value="AIzaSyDZQv5dmcuCAkZHPPbvN1ffOjF8YOTfB3Q" />
61-->src\main\AndroidManifest.xml:38:13-44
62
63        <activity
63-->src\main\AndroidManifest.xml:40:9-43:59
64            android:name="com.varun.app1.MapsActivity"
64-->src\main\AndroidManifest.xml:41:13-41
65            android:exported="false"
65-->src\main\AndroidManifest.xml:42:13-37
66            android:label="@string/title_activity_maps" />
66-->src\main\AndroidManifest.xml:43:13-56
67        <activity
67-->src\main\AndroidManifest.xml:44:9-46:40
68            android:name="com.varun.app1.ProximityActivity"
68-->src\main\AndroidManifest.xml:45:13-46
69            android:exported="false" />
69-->src\main\AndroidManifest.xml:46:13-37
70        <activity
70-->src\main\AndroidManifest.xml:47:9-49:40
71            android:name="com.varun.app1.SensorActivity"
71-->src\main\AndroidManifest.xml:48:13-43
72            android:exported="false" />
72-->src\main\AndroidManifest.xml:49:13-37
73        <activity
73-->src\main\AndroidManifest.xml:50:9-52:40
74            android:name="com.varun.app1.RecyclerViewActivity"
74-->src\main\AndroidManifest.xml:51:13-49
75            android:exported="false" />
75-->src\main\AndroidManifest.xml:52:13-37
76        <activity
76-->src\main\AndroidManifest.xml:53:9-55:40
77            android:name="com.varun.app1.CustomListActivity"
77-->src\main\AndroidManifest.xml:54:13-47
78            android:exported="false" />
78-->src\main\AndroidManifest.xml:55:13-37
79        <activity
79-->src\main\AndroidManifest.xml:56:9-59:58
80            android:name="com.varun.app1.AndroidTask3"
80-->src\main\AndroidManifest.xml:57:13-41
81            android:exported="true"
81-->src\main\AndroidManifest.xml:58:13-36
82            android:parentActivityName="com.varun.app1.MainActivity" />
82-->src\main\AndroidManifest.xml:59:13-55
83        <activity
83-->src\main\AndroidManifest.xml:60:9-62:40
84            android:name="com.varun.app1.ListActivity"
84-->src\main\AndroidManifest.xml:61:13-41
85            android:exported="false" />
85-->src\main\AndroidManifest.xml:62:13-37
86        <activity
86-->src\main\AndroidManifest.xml:63:9-65:40
87            android:name="com.varun.app1.SpinActivity"
87-->src\main\AndroidManifest.xml:64:13-41
88            android:exported="false" />
88-->src\main\AndroidManifest.xml:65:13-37
89
90        <service android:name="com.varun.app1.MusicService" />
90-->src\main\AndroidManifest.xml:67:9-49
90-->src\main\AndroidManifest.xml:67:18-46
91
92        <activity
92-->src\main\AndroidManifest.xml:69:9-73:61
93            android:name="com.varun.app1.TabActivity"
93-->src\main\AndroidManifest.xml:70:13-40
94            android:exported="false"
94-->src\main\AndroidManifest.xml:71:13-37
95            android:label="@string/title_activity_tab"
95-->src\main\AndroidManifest.xml:72:13-55
96            android:theme="@style/Theme.App1.NoActionBar" />
96-->src\main\AndroidManifest.xml:73:13-58
97        <activity
97-->src\main\AndroidManifest.xml:74:9-78:61
98            android:name="com.varun.app1.NavDrawerActivity"
98-->src\main\AndroidManifest.xml:75:13-46
99            android:exported="false"
99-->src\main\AndroidManifest.xml:76:13-37
100            android:label="@string/title_activity_nav_drawer"
100-->src\main\AndroidManifest.xml:77:13-62
101            android:theme="@style/Theme.App1.NoActionBar" />
101-->src\main\AndroidManifest.xml:78:13-58
102        <activity
102-->src\main\AndroidManifest.xml:79:9-81:40
103            android:name="com.varun.app1.FragmentActivity"
103-->src\main\AndroidManifest.xml:80:13-45
104            android:exported="false" />
104-->src\main\AndroidManifest.xml:81:13-37
105        <activity
105-->src\main\AndroidManifest.xml:82:9-85:44
106            android:name="com.varun.app1.AndroidTask2"
106-->src\main\AndroidManifest.xml:83:13-41
107            android:exported="true"
107-->src\main\AndroidManifest.xml:84:13-36
108            android:theme="@style/Task2" />
108-->src\main\AndroidManifest.xml:85:13-41
109        <activity
109-->src\main\AndroidManifest.xml:86:9-95:20
110            android:name="com.varun.app1.SplashActivity"
110-->src\main\AndroidManifest.xml:87:13-43
111            android:exported="true"
111-->src\main\AndroidManifest.xml:88:13-36
112            android:theme="@style/Splash" >
112-->src\main\AndroidManifest.xml:89:13-42
113            <intent-filter>
113-->src\main\AndroidManifest.xml:90:13-94:29
114                <action android:name="android.intent.action.MAIN" />
114-->src\main\AndroidManifest.xml:91:17-69
114-->src\main\AndroidManifest.xml:91:25-66
115
116                <category android:name="android.intent.category.LAUNCHER" />
116-->src\main\AndroidManifest.xml:93:17-77
116-->src\main\AndroidManifest.xml:93:27-74
117            </intent-filter>
118        </activity>
119        <activity
119-->src\main\AndroidManifest.xml:96:9-98:39
120            android:name="com.varun.app1.RelativeActivity"
120-->src\main\AndroidManifest.xml:97:13-45
121            android:exported="true" />
121-->src\main\AndroidManifest.xml:98:13-36
122        <activity
122-->src\main\AndroidManifest.xml:99:9-101:39
123            android:name="com.varun.app1.LinearLayoutActivity"
123-->src\main\AndroidManifest.xml:100:13-49
124            android:exported="true" />
124-->src\main\AndroidManifest.xml:101:13-36
125        <activity
125-->src\main\AndroidManifest.xml:102:9-104:40
126            android:name="com.varun.app1.LogActivity"
126-->src\main\AndroidManifest.xml:103:13-40
127            android:exported="false" />
127-->src\main\AndroidManifest.xml:104:13-37
128        <activity
128-->src\main\AndroidManifest.xml:105:9-108:58
129            android:name="com.varun.app1.FirstActivity"
129-->src\main\AndroidManifest.xml:106:13-42
130            android:exported="false"
130-->src\main\AndroidManifest.xml:107:13-37
131            android:parentActivityName="com.varun.app1.MainActivity" />
131-->src\main\AndroidManifest.xml:108:13-55
132        <activity
132-->src\main\AndroidManifest.xml:109:9-112:58
133            android:name="com.varun.app1.IntentActivity"
133-->src\main\AndroidManifest.xml:110:13-43
134            android:exported="true"
134-->src\main\AndroidManifest.xml:111:13-36
135            android:parentActivityName="com.varun.app1.MainActivity" />
135-->src\main\AndroidManifest.xml:112:13-55
136        <activity
136-->src\main\AndroidManifest.xml:113:9-123:20
137            android:name="com.varun.app1.MainActivity"
137-->src\main\AndroidManifest.xml:114:13-41
138            android:exported="true" >
138-->src\main\AndroidManifest.xml:115:13-36
139            <intent-filter>
139-->src\main\AndroidManifest.xml:116:13-122:29
140                <action android:name="android.intent.action.SEND" />
140-->src\main\AndroidManifest.xml:117:17-69
140-->src\main\AndroidManifest.xml:117:25-66
141
142                <category android:name="android.intent.category.DEFAULT" />
142-->src\main\AndroidManifest.xml:119:17-76
142-->src\main\AndroidManifest.xml:119:27-73
143
144                <data android:mimeType="image/*" />
144-->src\main\AndroidManifest.xml:121:17-52
144-->src\main\AndroidManifest.xml:121:23-49
145            </intent-filter>
146        </activity>
147
148        <receiver android:name="com.varun.app1.BroadcastReceiverActivity" />
148-->src\main\AndroidManifest.xml:125:9-63
148-->src\main\AndroidManifest.xml:125:19-60
149        <!-- Needs to be explicitly declared on P+ -->
150        <uses-library
150-->[com.google.android.gms:play-services-maps:17.0.1] AndroidManifest.xml:39:9-41:40
151            android:name="org.apache.http.legacy"
151-->[com.google.android.gms:play-services-maps:17.0.1] AndroidManifest.xml:40:13-50
152            android:required="false" />
152-->[com.google.android.gms:play-services-maps:17.0.1] AndroidManifest.xml:41:13-37
153
154        <activity
154-->[com.google.android.gms:play-services-base:17.0.0] AndroidManifest.xml:23:9-26:75
155            android:name="com.google.android.gms.common.api.GoogleApiActivity"
155-->[com.google.android.gms:play-services-base:17.0.0] AndroidManifest.xml:24:13-79
156            android:exported="false"
156-->[com.google.android.gms:play-services-base:17.0.0] AndroidManifest.xml:25:13-37
157            android:theme="@android:style/Theme.Translucent.NoTitleBar" />
157-->[com.google.android.gms:play-services-base:17.0.0] AndroidManifest.xml:26:13-72
158
159        <meta-data
159-->[com.google.android.gms:play-services-basement:17.0.0] AndroidManifest.xml:23:9-25:69
160            android:name="com.google.android.gms.version"
160-->[com.google.android.gms:play-services-basement:17.0.0] AndroidManifest.xml:24:13-58
161            android:value="@integer/google_play_services_version" />
161-->[com.google.android.gms:play-services-basement:17.0.0] AndroidManifest.xml:25:13-66
162
163        <provider
163-->[androidx.emoji2:emoji2:1.0.0] AndroidManifest.xml:26:9-34:20
164            android:name="androidx.startup.InitializationProvider"
164-->[androidx.emoji2:emoji2:1.0.0] AndroidManifest.xml:27:13-67
165            android:authorities="com.varun.app1.androidx-startup"
165-->[androidx.emoji2:emoji2:1.0.0] AndroidManifest.xml:28:13-68
166            android:exported="false" >
166-->[androidx.emoji2:emoji2:1.0.0] AndroidManifest.xml:29:13-37
167            <meta-data
167-->[androidx.emoji2:emoji2:1.0.0] AndroidManifest.xml:31:13-33:52
168                android:name="androidx.emoji2.text.EmojiCompatInitializer"
168-->[androidx.emoji2:emoji2:1.0.0] AndroidManifest.xml:32:17-75
169                android:value="androidx.startup" />
169-->[androidx.emoji2:emoji2:1.0.0] AndroidManifest.xml:33:17-49
170            <meta-data
170-->[androidx.lifecycle:lifecycle-process:2.4.0] AndroidManifest.xml:31:13-33:52
171                android:name="androidx.lifecycle.ProcessLifecycleInitializer"
171-->[androidx.lifecycle:lifecycle-process:2.4.0] AndroidManifest.xml:32:17-78
172                android:value="androidx.startup" />
172-->[androidx.lifecycle:lifecycle-process:2.4.0] AndroidManifest.xml:33:17-49
173        </provider>
174
175        <uses-library
175-->[androidx.window:window:1.0.0] AndroidManifest.xml:25:9-27:40
176            android:name="androidx.window.extensions"
176-->[androidx.window:window:1.0.0] AndroidManifest.xml:26:13-54
177            android:required="false" />
177-->[androidx.window:window:1.0.0] AndroidManifest.xml:27:13-37
178        <uses-library
178-->[androidx.window:window:1.0.0] AndroidManifest.xml:28:9-30:40
179            android:name="androidx.window.sidecar"
179-->[androidx.window:window:1.0.0] AndroidManifest.xml:29:13-51
180            android:required="false" />
180-->[androidx.window:window:1.0.0] AndroidManifest.xml:30:13-37
181    </application>
182
183</manifest>